<?xml version="1.0" encoding="UTF-8"?>
<!-- Generated by org.testng.reporters.JUnitReportReporter -->
<testsuite hostname="DESKTOP-JE04A8L" failures="0" tests="4" name="testlayer.LoginTest" time="36.050" errors="0" timestamp="2023-06-23T16:55:06 EDT" skipped="0">
  <testcase classname="testlayer.LoginTest" name="Title" time="8.331"/>
  <system-out/>
  <testcase classname="testlayer.LoginTest" name="Login" time="8.854"/>
  <system-out/>
  <testcase classname="testlayer.LoginTest" name="Login" time="9.535"/>
  <system-out/>
  <testcase classname="testlayer.LoginTest" name="Login" time="9.330"/>
  <system-out/>
</testsuite> <!-- testlayer.LoginTest -->
